0 silly input [ 'publish' ]
1 silly flags { _: [ 'publish' ],
1 silly flags   'reject-cycles': false,
1 silly flags   rejectCycles: false,
1 silly flags   'npm-tag': 'dev',
1 silly flags   npmTag: 'dev' }
2 verbose rootPath /home/agory/Project/stage/lernaNoName
3 info version 2.11.0
4 silly isInitialized
5 silly isInitialized true
6 silly existsSync /home/agory/Project/stage/lernaNoName/VERSION
7 silly initialize attempt
8 info current version 0.0.1
9 silly isDetachedHead
10 silly getCurrentBranch
11 verbose getCurrentBranch master
12 verbose isDetachedHead false
13 silly getCurrentBranch
14 verbose getCurrentBranch master
15 silly getUpdates
16 info Checking for updated packages...
17 silly hasTags
18 verbose hasTags true
19 silly getLastTag
20 verbose getLastTag v0.0.1
21 info Comparing with v0.0.1.
22 silly diffSinceIn v0.0.1 packages/connector
23 silly diff packages/connector/package.json
24 silly diffSinceIn v0.0.1 packages/lib
25 silly diff packages/lib/package.json
26 silly diffSinceIn v0.0.1 packages/rn-connector
27 silly diff packages/rn-connector/package.json
28 silly diffSinceIn v0.0.1 packages/server
29 silly diff packages/server/package.json
30 verbose updated rn-noname-connector
31 verbose updated rn-noname-lib
32 verbose updated rn-noname-rn-connector
33 verbose updated rn-noname
34 info Checking for prereleased packages...
35 silly collectDependents
36 silly isPackageDependentOf rn-noname-connector rn-noname-connector
37 silly isPackageDependentOf rn-noname-connector rn-noname-lib
38 silly isPackageDependentOf rn-noname-connector rn-noname-rn-connector
39 silly isPackageDependentOf rn-noname-connector rn-noname
40 silly isPackageDependentOf rn-noname-lib rn-noname-connector
41 silly isPackageDependentOf rn-noname-lib rn-noname-lib
42 silly isPackageDependentOf rn-noname-lib rn-noname-rn-connector
43 silly isPackageDependentOf rn-noname-lib rn-noname
44 silly isPackageDependentOf rn-noname-rn-connector rn-noname-connector
45 silly isPackageDependentOf rn-noname-rn-connector rn-noname-lib
46 silly isPackageDependentOf rn-noname-rn-connector rn-noname-rn-connector
47 silly isPackageDependentOf rn-noname-rn-connector rn-noname
48 silly isPackageDependentOf rn-noname rn-noname-connector
49 silly isPackageDependentOf rn-noname rn-noname-lib
50 silly isPackageDependentOf rn-noname rn-noname-rn-connector
51 silly isPackageDependentOf rn-noname rn-noname
52 silly collectUpdates
53 verbose has filtered update rn-noname-connector
54 verbose has filtered update rn-noname-lib
55 verbose has filtered update rn-noname-rn-connector
56 verbose has filtered update rn-noname
57 silly initialize success
58 silly execute attempt
59 silly addFile /home/agory/Project/stage/lernaNoName/lerna.json
60 silly runScriptSync preversion rn-noname
61 silly runScriptSync preversion rn-noname-connector
62 silly runScriptSync version rn-noname-connector
63 silly runScriptSync preversion rn-noname-lib
64 silly runScriptSync version rn-noname-lib
65 silly runScriptSync preversion rn-noname-rn-connector
66 silly runScriptSync version rn-noname-rn-connector
67 silly runScriptSync preversion rn-noname
68 silly runScriptSync version rn-noname
69 silly runScriptSync version rn-noname
70 silly addFile /home/agory/Project/stage/lernaNoName/packages/connector/package.json
71 silly addFile /home/agory/Project/stage/lernaNoName/packages/lib/package.json
72 silly addFile /home/agory/Project/stage/lernaNoName/packages/rn-connector/package.json
73 silly addFile /home/agory/Project/stage/lernaNoName/packages/server/package.json
74 silly commit v0.0.2
75 verbose commit [ 'commit', '--no-verify', '-m', 'v0.0.2' ]
76 silly addTag v0.0.2
77 silly runScriptSync postversion rn-noname-connector
78 silly runScriptSync postversion rn-noname-lib
79 silly runScriptSync postversion rn-noname-rn-connector
80 silly runScriptSync postversion rn-noname
81 silly runScriptSync postversion rn-noname
82 info publish Publishing packages to npm...
83 silly existsSync /home/agory/Project/stage/lernaNoName/packages/connector/scripts/prepublish.js
84 verbose execScript No prepublish script found at /home/agory/Project/stage/lernaNoName/packages/connector/scripts/prepublish.js
85 silly existsSync /home/agory/Project/stage/lernaNoName/packages/lib/scripts/prepublish.js
86 verbose execScript No prepublish script found at /home/agory/Project/stage/lernaNoName/packages/lib/scripts/prepublish.js
87 silly existsSync /home/agory/Project/stage/lernaNoName/packages/rn-connector/scripts/prepublish.js
88 verbose execScript No prepublish script found at /home/agory/Project/stage/lernaNoName/packages/rn-connector/scripts/prepublish.js
89 silly existsSync /home/agory/Project/stage/lernaNoName/packages/server/scripts/prepublish.js
90 verbose execScript No prepublish script found at /home/agory/Project/stage/lernaNoName/packages/server/scripts/prepublish.js
91 verbose publishing rn-noname-connector
92 silly publishTaggedInDir dev connector
93 silly getExecOpts { cwd: '/home/agory/Project/stage/lernaNoName/packages/connector' }
94 verbose publishing rn-noname-lib
95 silly publishTaggedInDir dev lib
96 silly getExecOpts { cwd: '/home/agory/Project/stage/lernaNoName/packages/lib' }
97 verbose publishing rn-noname-rn-connector
98 silly publishTaggedInDir dev rn-connector
99 silly getExecOpts { cwd:
99 silly getExecOpts    '/home/agory/Project/stage/lernaNoName/packages/rn-connector' }
100 verbose publishing rn-noname
101 silly publishTaggedInDir dev server
102 silly getExecOpts { cwd: '/home/agory/Project/stage/lernaNoName/packages/server' }
103 error publish Retrying failed publish: rn-noname-connector
104 verbose publish error undefined
105 verbose publishing rn-noname-connector
106 silly publishTaggedInDir dev connector
107 silly getExecOpts { cwd: '/home/agory/Project/stage/lernaNoName/packages/connector' }
108 error publish Retrying failed publish: rn-noname-rn-connector
109 verbose publish error undefined
110 verbose publishing rn-noname-rn-connector
111 silly publishTaggedInDir dev rn-connector
112 silly getExecOpts { cwd:
112 silly getExecOpts    '/home/agory/Project/stage/lernaNoName/packages/rn-connector' }
113 error publish Retrying failed publish: rn-noname-lib
114 verbose publish error undefined
115 verbose publishing rn-noname-lib
116 silly publishTaggedInDir dev lib
117 silly getExecOpts { cwd: '/home/agory/Project/stage/lernaNoName/packages/lib' }
118 error publish Retrying failed publish: rn-noname
119 verbose publish error undefined
120 verbose publishing rn-noname
121 silly publishTaggedInDir dev server
122 silly getExecOpts { cwd: '/home/agory/Project/stage/lernaNoName/packages/server' }
123 error publish Retrying failed publish: rn-noname-connector
124 verbose publish error undefined
125 verbose publishing rn-noname-connector
126 silly publishTaggedInDir dev connector
127 silly getExecOpts { cwd: '/home/agory/Project/stage/lernaNoName/packages/connector' }
128 error publish Retrying failed publish: rn-noname-rn-connector
129 verbose publish error undefined
130 verbose publishing rn-noname-rn-connector
131 silly publishTaggedInDir dev rn-connector
132 silly getExecOpts { cwd:
132 silly getExecOpts    '/home/agory/Project/stage/lernaNoName/packages/rn-connector' }
133 error publish Retrying failed publish: rn-noname-lib
134 verbose publish error undefined
135 verbose publishing rn-noname-lib
136 silly publishTaggedInDir dev lib
137 silly getExecOpts { cwd: '/home/agory/Project/stage/lernaNoName/packages/lib' }
138 error publish Retrying failed publish: rn-noname
139 verbose publish error undefined
140 verbose publishing rn-noname
141 silly publishTaggedInDir dev server
142 silly getExecOpts { cwd: '/home/agory/Project/stage/lernaNoName/packages/server' }
143 error publish Retrying failed publish: rn-noname-connector
144 verbose publish error undefined
145 verbose publishing rn-noname-connector
146 silly publishTaggedInDir dev connector
147 silly getExecOpts { cwd: '/home/agory/Project/stage/lernaNoName/packages/connector' }
148 error publish Retrying failed publish: rn-noname-rn-connector
149 verbose publish error undefined
150 verbose publishing rn-noname-rn-connector
151 silly publishTaggedInDir dev rn-connector
152 silly getExecOpts { cwd:
152 silly getExecOpts    '/home/agory/Project/stage/lernaNoName/packages/rn-connector' }
153 error publish Retrying failed publish: rn-noname-lib
154 verbose publish error undefined
155 verbose publishing rn-noname-lib
156 silly publishTaggedInDir dev lib
157 silly getExecOpts { cwd: '/home/agory/Project/stage/lernaNoName/packages/lib' }
158 error publish Retrying failed publish: rn-noname-connector
159 verbose publish error undefined
160 verbose publishing rn-noname-connector
161 silly publishTaggedInDir dev connector
162 silly getExecOpts { cwd: '/home/agory/Project/stage/lernaNoName/packages/connector' }
163 error publish Retrying failed publish: rn-noname
164 verbose publish error undefined
165 verbose publishing rn-noname
166 silly publishTaggedInDir dev server
167 silly getExecOpts { cwd: '/home/agory/Project/stage/lernaNoName/packages/server' }
168 error publish Retrying failed publish: rn-noname-rn-connector
169 verbose publish error undefined
170 verbose publishing rn-noname-rn-connector
171 silly publishTaggedInDir dev rn-connector
172 silly getExecOpts { cwd:
172 silly getExecOpts    '/home/agory/Project/stage/lernaNoName/packages/rn-connector' }
173 error publish Retrying failed publish: rn-noname-lib
174 verbose publish error undefined
175 verbose publishing rn-noname-lib
176 silly publishTaggedInDir dev lib
177 silly getExecOpts { cwd: '/home/agory/Project/stage/lernaNoName/packages/lib' }
178 error publish Ran out of retries while publishing rn-noname-connector Error: Command failed: npm publish --tag dev
178 error publish npm notice
178 error publish npm notice ðŸ“¦  rn-noname-connector@0.0.2
178 error publish npm notice === Tarball Contents ===
178 error publish npm notice 535B   package.json
178 error publish npm notice 24B    .babelrc
178 error publish npm notice 73B    __mocks__/socket.io-client.js
178 error publish npm notice 6.8kB  coverage/clover.xml
178 error publish npm notice 24.1kB coverage/coverage-final.json
178 error publish npm notice 5.3kB  coverage/lcov-report/base.css
178 error publish npm notice 1.9kB  coverage/lcov-report/block-navigation.js
178 error publish npm notice 3.8kB  coverage/lcov-report/build/Connector/index.html
178 error publish npm notice 8.1kB  coverage/lcov-report/build/Connector/index.js.html
178 error publish npm notice 3.5kB  coverage/lcov-report/build/constant.js.html
178 error publish npm notice 3.7kB  coverage/lcov-report/build/index.html
178 error publish npm notice 3.8kB  coverage/lcov-report/build/WebConnector/index.html
178 error publish npm notice 13.4kB coverage/lcov-report/build/WebConnector/index.js.html
178 error publish npm notice 7.1kB  coverage/lcov-report/index.html
178 error publish npm notice 676B   coverage/lcov-report/prettify.css
178 error publish npm notice 17.6kB coverage/lcov-report/prettify.js
178 error publish npm notice 209B   coverage/lcov-report/sort-arrow-sprite.png
178 error publish npm notice 5.2kB  coverage/lcov-report/sorter.js
178 error publish npm notice 3.8kB  coverage/lcov-report/src/Connector/index.html
178 error publish npm notice 4.7kB  coverage/lcov-report/src/Connector/index.js.html
178 error publish npm notice 3.1kB  coverage/lcov-report/src/constant.js.html
178 error publish npm notice 3.7kB  coverage/lcov-report/src/index.html
178 error publish npm notice 3.8kB  coverage/lcov-report/src/WebConnector/index.html
178 error publish npm notice 5.8kB  coverage/lcov-report/src/WebConnector/index.js.html
178 error publish npm notice 3.7kB  coverage/lcov.info
178 error publish npm notice 1.4kB  dist/Connector/Connector.spec.js
178 error publish npm notice 1.6kB  dist/Connector/index.js
178 error publish npm notice 189B   dist/constant.js
178 error publish npm notice 3.1kB  dist/WebConnector/index.js
178 error publish npm notice 2.3kB  dist/WebConnector/WebConnector.spec.js
178 error publish npm notice 1.1kB  src/Connector/Connector.spec.js
178 error publish npm notice 427B   src/Connector/index.js
178 error publish npm notice 108B   src/constant.js
178 error publish npm notice 672B   src/WebConnector/index.js
178 error publish npm notice 2.0kB  src/WebConnector/WebConnector.spec.js
178 error publish npm notice === Tarball Details ===
178 error publish npm notice name:          rn-noname-connector
178 error publish npm notice version:       0.0.2
178 error publish npm notice package size:  26.4 kB
178 error publish npm notice unpacked size: 147.4 kB
178 error publish npm notice shasum:        70de343adf36e04512fbd7c9c850c7f06c20ac59
178 error publish npm notice integrity:     sha512-jMRl3ISJ3QkuJ[...]cj1bVux8l7Q3A==
178 error publish npm notice total files:   35
178 error publish npm notice
178 error publish npm ERR! code ENEEDAUTH
178 error publish npm ERR! need auth auth required for publishing
178 error publish npm ERR! need auth You need to authorize this machine using `npm adduser`
178 error publish
178 error publish npm ERR! A complete log of this run can be found in:
178 error publish npm ERR!     /home/agory/.npm/_logs/2018-06-12T09_37_07_591Z-debug.log
178 error publish
178 error publish     at Promise.all.then.arr (/home/agory/Project/stage/lernaNoName/node_modules/execa/index.js:236:11)
178 error publish     at process._tickCallback (internal/process/next_tick.js:68:7)
179 error execute callback with error
180 error Error: Command failed: npm publish --tag dev
180 error npm notice
180 error npm notice ðŸ“¦  rn-noname-connector@0.0.2
180 error npm notice === Tarball Contents ===
180 error npm notice 535B   package.json
180 error npm notice 24B    .babelrc
180 error npm notice 73B    __mocks__/socket.io-client.js
180 error npm notice 6.8kB  coverage/clover.xml
180 error npm notice 24.1kB coverage/coverage-final.json
180 error npm notice 5.3kB  coverage/lcov-report/base.css
180 error npm notice 1.9kB  coverage/lcov-report/block-navigation.js
180 error npm notice 3.8kB  coverage/lcov-report/build/Connector/index.html
180 error npm notice 8.1kB  coverage/lcov-report/build/Connector/index.js.html
180 error npm notice 3.5kB  coverage/lcov-report/build/constant.js.html
180 error npm notice 3.7kB  coverage/lcov-report/build/index.html
180 error npm notice 3.8kB  coverage/lcov-report/build/WebConnector/index.html
180 error npm notice 13.4kB coverage/lcov-report/build/WebConnector/index.js.html
180 error npm notice 7.1kB  coverage/lcov-report/index.html
180 error npm notice 676B   coverage/lcov-report/prettify.css
180 error npm notice 17.6kB coverage/lcov-report/prettify.js
180 error npm notice 209B   coverage/lcov-report/sort-arrow-sprite.png
180 error npm notice 5.2kB  coverage/lcov-report/sorter.js
180 error npm notice 3.8kB  coverage/lcov-report/src/Connector/index.html
180 error npm notice 4.7kB  coverage/lcov-report/src/Connector/index.js.html
180 error npm notice 3.1kB  coverage/lcov-report/src/constant.js.html
180 error npm notice 3.7kB  coverage/lcov-report/src/index.html
180 error npm notice 3.8kB  coverage/lcov-report/src/WebConnector/index.html
180 error npm notice 5.8kB  coverage/lcov-report/src/WebConnector/index.js.html
180 error npm notice 3.7kB  coverage/lcov.info
180 error npm notice 1.4kB  dist/Connector/Connector.spec.js
180 error npm notice 1.6kB  dist/Connector/index.js
180 error npm notice 189B   dist/constant.js
180 error npm notice 3.1kB  dist/WebConnector/index.js
180 error npm notice 2.3kB  dist/WebConnector/WebConnector.spec.js
180 error npm notice 1.1kB  src/Connector/Connector.spec.js
180 error npm notice 427B   src/Connector/index.js
180 error npm notice 108B   src/constant.js
180 error npm notice 672B   src/WebConnector/index.js
180 error npm notice 2.0kB  src/WebConnector/WebConnector.spec.js
180 error npm notice === Tarball Details ===
180 error npm notice name:          rn-noname-connector
180 error npm notice version:       0.0.2
180 error npm notice package size:  26.4 kB
180 error npm notice unpacked size: 147.4 kB
180 error npm notice shasum:        70de343adf36e04512fbd7c9c850c7f06c20ac59
180 error npm notice integrity:     sha512-jMRl3ISJ3QkuJ[...]cj1bVux8l7Q3A==
180 error npm notice total files:   35
180 error npm notice
180 error npm ERR! code ENEEDAUTH
180 error npm ERR! need auth auth required for publishing
180 error npm ERR! need auth You need to authorize this machine using `npm adduser`
180 error
180 error npm ERR! A complete log of this run can be found in:
180 error npm ERR!     /home/agory/.npm/_logs/2018-06-12T09_37_07_591Z-debug.log
180 error
180 error     at Promise.all.then.arr (/home/agory/Project/stage/lernaNoName/node_modules/execa/index.js:236:11)
