<?xml version="1.0" encoding="UTF-8"?>
<coverage generated="1528792772409" clover="3.2.0">
  <project timestamp="1528792772410" name="All files">
    <metrics statements="43" coveredstatements="43" conditionals="36" coveredconditionals="22" methods="18" coveredmethods="18" elements="97" coveredelements="83" complexity="0" loc="43" ncloc="43" packages="2" files="2" classes="2">
      <package name="build.RNConnector">
        <metrics statements="33" coveredstatements="33" conditionals="35" coveredconditionals="21" methods="13" coveredmethods="13"/>
        <file name="index.js" path="/home/agory/Project/stage/lernaNoName/packages/rn-connector/build/RNConnector/index.js">
          <metrics statements="33" coveredstatements="33" conditionals="35" coveredconditionals="21" methods="13" coveredmethods="13"/>
          <line num="3" count="1" type="stmt"/>
          <line num="7" count="4" type="cond" truecount="5" falsecount="3"/>
          <line num="9" count="1" type="stmt"/>
          <line num="11" count="1" type="stmt"/>
          <line num="13" count="1" type="stmt"/>
          <line num="15" count="1" type="stmt"/>
          <line num="17" count="1" type="stmt"/>
          <line num="19" count="1" type="stmt"/>
          <line num="21" count="1" type="stmt"/>
          <line num="23" count="3" type="cond" truecount="3" falsecount="1"/>
          <line num="25" count="4" type="cond" truecount="1" falsecount="1"/>
          <line num="27" count="4" type="cond" truecount="3" falsecount="4"/>
          <line num="29" count="1" type="cond" truecount="6" falsecount="4"/>
          <line num="35" count="1" type="stmt"/>
          <line num="36" count="1" type="stmt"/>
          <line num="39" count="4" type="stmt"/>
          <line num="40" count="4" type="stmt"/>
          <line num="41" count="4" type="cond" truecount="2" falsecount="0"/>
          <line num="43" count="4" type="stmt"/>
          <line num="45" count="4" type="cond" truecount="1" falsecount="1"/>
          <line num="47" count="4" type="stmt"/>
          <line num="48" count="4" type="stmt"/>
          <line num="49" count="4" type="stmt"/>
          <line num="52" count="1" type="stmt"/>
          <line num="55" count="1" type="stmt"/>
          <line num="60" count="2" type="stmt"/>
          <line num="65" count="2" type="stmt"/>
          <line num="70" count="1" type="stmt"/>
          <line num="71" count="1" type="stmt"/>
          <line num="72" count="1" type="stmt"/>
          <line num="73" count="1" type="stmt"/>
          <line num="77" count="1" type="stmt"/>
          <line num="80" count="1" type="stmt"/>
        </file>
      </package>
      <package name="src.RNConnector">
        <metrics statements="10" coveredstatements="10" conditionals="1" coveredconditionals="1" methods="5" coveredmethods="5"/>
        <file name="index.js" path="/home/agory/Project/stage/lernaNoName/packages/rn-connector/src/RNConnector/index.js">
          <metrics statements="10" coveredstatements="10" conditionals="1" coveredconditionals="1" methods="5" coveredmethods="5"/>
          <line num="12" count="4" type="stmt"/>
          <line num="13" count="4" type="stmt"/>
          <line num="14" count="4" type="stmt"/>
          <line num="18" count="2" type="stmt"/>
          <line num="22" count="2" type="stmt"/>
          <line num="26" count="1" type="stmt"/>
          <line num="27" count="1" type="stmt"/>
          <line num="28" count="1" type="stmt"/>
          <line num="29" count="1" type="stmt"/>
          <line num="33" count="1" type="stmt"/>
        </file>
      </package>
    </metrics>
  </project>
</coverage>
