TN:
SF:/home/agory/Project/stage/lernaNoName/packages/rn-connector/build/RNConnector/index.js
FN:7,(anonymous_0)
FN:7,defineProperties
FN:7,(anonymous_2)
FN:23,_interopRequireDefault
FN:25,_classCallCheck
FN:27,_possibleConstructorReturn
FN:29,_inherits
FN:35,(anonymous_7)
FN:38,RNConnector
FN:54,onData
FN:59,onlyActivatedModule
FN:64,filter
FN:69,stream
FNF:13
FNH:13
FNDA:1,(anonymous_0)
FNDA:2,defineProperties
FNDA:1,(anonymous_2)
FNDA:3,_interopRequireDefault
FNDA:4,_classCallCheck
FNDA:4,_possibleConstructorReturn
FNDA:1,_inherits
FNDA:1,(anonymous_7)
FNDA:4,RNConnector
FNDA:1,onData
FNDA:2,onlyActivatedModule
FNDA:2,filter
FNDA:1,stream
DA:3,1
DA:7,4
DA:9,1
DA:11,1
DA:13,1
DA:15,1
DA:17,1
DA:19,1
DA:21,1
DA:23,3
DA:25,4
DA:27,4
DA:29,1
DA:35,1
DA:36,1
DA:39,4
DA:40,4
DA:41,4
DA:43,4
DA:45,4
DA:47,4
DA:48,4
DA:49,4
DA:52,1
DA:55,1
DA:60,2
DA:65,2
DA:70,1
DA:71,1
DA:72,1
DA:73,1
DA:77,1
DA:80,1
LF:33
LH:33
BRDA:7,0,0,4
BRDA:7,0,1,4
BRDA:7,1,0,4
BRDA:7,1,1,0
BRDA:7,2,0,1
BRDA:7,2,1,0
BRDA:7,3,0,1
BRDA:7,3,1,0
BRDA:23,4,0,3
BRDA:23,4,1,0
BRDA:23,5,0,3
BRDA:23,5,1,3
BRDA:25,6,0,0
BRDA:25,6,1,4
BRDA:27,7,0,0
BRDA:27,7,1,4
BRDA:27,8,0,0
BRDA:27,8,1,4
BRDA:27,9,0,4
BRDA:27,9,1,0
BRDA:27,9,2,0
BRDA:29,10,0,0
BRDA:29,10,1,1
BRDA:29,11,0,1
BRDA:29,11,1,0
BRDA:29,12,0,1
BRDA:29,12,1,1
BRDA:29,13,0,1
BRDA:29,13,1,0
BRDA:29,14,0,1
BRDA:29,14,1,0
BRDA:41,15,0,3
BRDA:41,15,1,1
BRDA:45,16,0,4
BRDA:45,16,1,0
BRF:35
BRH:21
end_of_record
TN:
SF:/home/agory/Project/stage/lernaNoName/packages/rn-connector/src/RNConnector/index.js
FN:11,(anonymous_0)
FN:17,(anonymous_1)
FN:21,(anonymous_2)
FN:25,(anonymous_3)
FN:32,(anonymous_4)
FNF:5
FNH:5
FNDA:4,(anonymous_0)
FNDA:2,(anonymous_1)
FNDA:2,(anonymous_2)
FNDA:1,(anonymous_3)
FNDA:1,(anonymous_4)
DA:12,4
DA:13,4
DA:14,4
DA:18,2
DA:22,2
DA:26,1
DA:27,1
DA:28,1
DA:29,1
DA:33,1
LF:10
LH:10
BRDA:11,0,0,3
BRF:1
BRH:1
end_of_record
