<?xml version="1.0" encoding="UTF-8"?>
<coverage generated="1528792793867" clover="3.2.0">
  <project timestamp="1528792793867" name="All files">
    <metrics statements="67" coveredstatements="67" conditionals="64" coveredconditionals="45" methods="34" coveredmethods="34" elements="165" coveredelements="146" complexity="0" loc="67" ncloc="67" packages="6" files="6" classes="6">
      <package name="build">
        <metrics statements="2" coveredstatements="2" conditionals="0" coveredconditionals="0" methods="0" coveredmethods="0"/>
        <file name="constant.js" path="/home/agory/Project/stage/lernaNoName/packages/connector/build/constant.js">
          <metrics statements="2" coveredstatements="2" conditionals="0" coveredconditionals="0" methods="0" coveredmethods="0"/>
          <line num="3" count="1" type="stmt"/>
          <line num="6" count="1" type="stmt"/>
        </file>
      </package>
      <package name="build.Connector">
        <metrics statements="16" coveredstatements="16" conditionals="21" coveredconditionals="16" methods="9" coveredmethods="9"/>
        <file name="index.js" path="/home/agory/Project/stage/lernaNoName/packages/connector/build/Connector/index.js">
          <metrics statements="16" coveredstatements="16" conditionals="21" coveredconditionals="16" methods="9" coveredmethods="9"/>
          <line num="3" count="2" type="stmt"/>
          <line num="7" count="4" type="cond" truecount="5" falsecount="3"/>
          <line num="9" count="2" type="stmt"/>
          <line num="11" count="2" type="stmt"/>
          <line num="13" count="2" type="cond" truecount="3" falsecount="1"/>
          <line num="15" count="15" type="cond" truecount="1" falsecount="1"/>
          <line num="17" count="2" type="stmt"/>
          <line num="18" count="2" type="stmt"/>
          <line num="21" count="3" type="stmt"/>
          <line num="26" count="15" type="cond" truecount="7" falsecount="0"/>
          <line num="31" count="15" type="stmt"/>
          <line num="33" count="15" type="stmt"/>
          <line num="34" count="15" type="stmt"/>
          <line num="35" count="15" type="stmt"/>
          <line num="38" count="2" type="stmt"/>
          <line num="41" count="2" type="stmt"/>
        </file>
      </package>
      <package name="build.WebConnector">
        <metrics statements="33" coveredstatements="33" conditionals="35" coveredconditionals="21" methods="15" coveredmethods="15"/>
        <file name="index.js" path="/home/agory/Project/stage/lernaNoName/packages/connector/build/WebConnector/index.js">
          <metrics statements="33" coveredstatements="33" conditionals="35" coveredconditionals="21" methods="15" coveredmethods="15"/>
          <line num="3" count="1" type="stmt"/>
          <line num="7" count="3" type="cond" truecount="5" falsecount="3"/>
          <line num="9" count="1" type="stmt"/>
          <line num="11" count="1" type="stmt"/>
          <line num="13" count="1" type="stmt"/>
          <line num="15" count="1" type="stmt"/>
          <line num="17" count="1" type="stmt"/>
          <line num="19" count="2" type="cond" truecount="3" falsecount="1"/>
          <line num="21" count="10" type="cond" truecount="1" falsecount="1"/>
          <line num="23" count="10" type="cond" truecount="3" falsecount="4"/>
          <line num="25" count="1" type="cond" truecount="6" falsecount="4"/>
          <line num="27" count="1" type="stmt"/>
          <line num="28" count="1" type="stmt"/>
          <line num="31" count="10" type="stmt"/>
          <line num="32" count="10" type="cond" truecount="2" falsecount="0"/>
          <line num="34" count="10" type="stmt"/>
          <line num="36" count="10" type="cond" truecount="1" falsecount="1"/>
          <line num="38" count="10" type="stmt"/>
          <line num="39" count="10" type="stmt"/>
          <line num="42" count="1" type="stmt"/>
          <line num="45" count="5" type="stmt"/>
          <line num="47" count="5" type="stmt"/>
          <line num="48" count="4" type="stmt"/>
          <line num="49" count="1" type="stmt"/>
          <line num="51" count="4" type="stmt"/>
          <line num="52" count="4" type="stmt"/>
          <line num="53" count="4" type="stmt"/>
          <line num="54" count="2" type="stmt"/>
          <line num="55" count="2" type="stmt"/>
          <line num="62" count="1" type="stmt"/>
          <line num="67" count="1" type="stmt"/>
          <line num="71" count="1" type="stmt"/>
          <line num="74" count="1" type="stmt"/>
        </file>
      </package>
      <package name="src">
        <metrics statements="0" coveredstatements="0" conditionals="0" coveredconditionals="0" methods="0" coveredmethods="0"/>
        <file name="constant.js" path="/home/agory/Project/stage/lernaNoName/packages/connector/src/constant.js">
          <metrics statements="0" coveredstatements="0" conditionals="0" coveredconditionals="0" methods="0" coveredmethods="0"/>
        </file>
      </package>
      <package name="src.Connector">
        <metrics statements="5" coveredstatements="5" conditionals="7" coveredconditionals="7" methods="3" coveredmethods="3"/>
        <file name="index.js" path="/home/agory/Project/stage/lernaNoName/packages/connector/src/Connector/index.js">
          <metrics statements="5" coveredstatements="5" conditionals="7" coveredconditionals="7" methods="3" coveredmethods="3"/>
          <line num="6" count="15" type="cond" truecount="7" falsecount="0"/>
          <line num="10" count="3" type="stmt"/>
          <line num="14" count="15" type="stmt"/>
          <line num="15" count="15" type="stmt"/>
          <line num="16" count="15" type="stmt"/>
        </file>
      </package>
      <package name="src.WebConnector">
        <metrics statements="11" coveredstatements="11" conditionals="1" coveredconditionals="1" methods="7" coveredmethods="7"/>
        <file name="index.js" path="/home/agory/Project/stage/lernaNoName/packages/connector/src/WebConnector/index.js">
          <metrics statements="11" coveredstatements="11" conditionals="1" coveredconditionals="1" methods="7" coveredmethods="7"/>
          <line num="8" count="10" type="stmt"/>
          <line num="9" count="10" type="stmt"/>
          <line num="13" count="5" type="stmt"/>
          <line num="14" count="4" type="stmt"/>
          <line num="15" count="4" type="stmt"/>
          <line num="16" count="4" type="stmt"/>
          <line num="17" count="4" type="stmt"/>
          <line num="18" count="2" type="stmt"/>
          <line num="19" count="2" type="stmt"/>
          <line num="25" count="1" type="stmt"/>
          <line num="29" count="1" type="stmt"/>
        </file>
      </package>
    </metrics>
  </project>
</coverage>
