{"/home/agory/Project/stage/lernaNoName/packages/connector/build/constant.js": {"path":"/home/agory/Project/stage/lernaNoName/packages/connector/build/constant.js","statementMap":{"0":{"start":{"line":3,"column":0},"end":{"line":5,"column":3}},"1":{"start":{"line":6,"column":0},"end":{"line":11,"column":2}}},"fnMap":{},"branchMap":{},"s":{"0":1,"1":1},"f":{},"b":{},"_coverageSchema":"332fd63041d2c1bcb487cc26dd0d5f7d97098a6c","hash":"67d35b2c1cbd78e3bf890351510ccbcaaaa63123"}
,"/home/agory/Project/stage/lernaNoName/packages/connector/build/Connector/index.js": {"path":"/home/agory/Project/stage/lernaNoName/packages/connector/build/Connector/index.js","statementMap":{"0":{"start":{"line":3,"column":0},"end":{"line":5,"column":3}},"1":{"start":{"line":7,"column":19},"end":{"line":7,"column":563}},"2":{"start":{"line":7,"column":76},"end":{"line":7,"column":347}},"3":{"start":{"line":7,"column":134},"end":{"line":7,"column":142}},"4":{"start":{"line":7,"column":144},"end":{"line":7,"column":199}},"5":{"start":{"line":7,"column":200},"end":{"line":7,"column":231}},"6":{"start":{"line":7,"column":232},"end":{"line":7,"column":286}},"7":{"start":{"line":7,"column":259},"end":{"line":7,"column":286}},"8":{"start":{"line":7,"column":287},"end":{"line":7,"column":345}},"9":{"start":{"line":7,"column":350},"end":{"line":7,"column":559}},"10":{"start":{"line":7,"column":407},"end":{"line":7,"column":475}},"11":{"start":{"line":7,"column":423},"end":{"line":7,"column":475}},"12":{"start":{"line":7,"column":476},"end":{"line":7,"column":536}},"13":{"start":{"line":7,"column":493},"end":{"line":7,"column":536}},"14":{"start":{"line":7,"column":537},"end":{"line":7,"column":556}},"15":{"start":{"line":9,"column":14},"end":{"line":9,"column":41}},"16":{"start":{"line":11,"column":15},"end":{"line":11,"column":46}},"17":{"start":{"line":13,"column":39},"end":{"line":13,"column":93}},"18":{"start":{"line":15,"column":50},"end":{"line":15,"column":151}},"19":{"start":{"line":15,"column":92},"end":{"line":15,"column":149}},"20":{"start":{"line":17,"column":16},"end":{"line":39,"column":3}},"21":{"start":{"line":18,"column":2},"end":{"line":28,"column":6}},"22":{"start":{"line":21,"column":6},"end":{"line":21,"column":29}},"23":{"start":{"line":26,"column":6},"end":{"line":26,"column":75}},"24":{"start":{"line":31,"column":4},"end":{"line":31,"column":37}},"25":{"start":{"line":33,"column":14},"end":{"line":33,"column":59}},"26":{"start":{"line":34,"column":4},"end":{"line":34,"column":41}},"27":{"start":{"line":35,"column":4},"end":{"line":35,"column":37}},"28":{"start":{"line":38,"column":2},"end":{"line":38,"column":19}},"29":{"start":{"line":41,"column":0},"end":{"line":41,"column":28}}},"fnMap":{"0":{"name":"(anonymous_0)","decl":{"start":{"line":7,"column":19},"end":{"line":7,"column":20}},"loc":{"start":{"line":7,"column":31},"end":{"line":7,"column":561}},"line":7},"1":{"name":"defineProperties","decl":{"start":{"line":7,"column":42},"end":{"line":7,"column":58}},"loc":{"start":{"line":7,"column":74},"end":{"line":7,"column":349}},"line":7},"2":{"name":"(anonymous_2)","decl":{"start":{"line":7,"column":357},"end":{"line":7,"column":358}},"loc":{"start":{"line":7,"column":405},"end":{"line":7,"column":558}},"line":7},"3":{"name":"_interopRequireDefault","decl":{"start":{"line":13,"column":9},"end":{"line":13,"column":31}},"loc":{"start":{"line":13,"column":37},"end":{"line":13,"column":95}},"line":13},"4":{"name":"_classCallCheck","decl":{"start":{"line":15,"column":9},"end":{"line":15,"column":24}},"loc":{"start":{"line":15,"column":48},"end":{"line":15,"column":153}},"line":15},"5":{"name":"(anonymous_5)","decl":{"start":{"line":17,"column":16},"end":{"line":17,"column":17}},"loc":{"start":{"line":17,"column":28},"end":{"line":39,"column":1}},"line":17},"6":{"name":"emit","decl":{"start":{"line":20,"column":20},"end":{"line":20,"column":24}},"loc":{"start":{"line":20,"column":35},"end":{"line":22,"column":5}},"line":20},"7":{"name":"buildEndPointUrl","decl":{"start":{"line":25,"column":20},"end":{"line":25,"column":36}},"loc":{"start":{"line":25,"column":56},"end":{"line":27,"column":5}},"line":25},"8":{"name":"Connector","decl":{"start":{"line":30,"column":11},"end":{"line":30,"column":20}},"loc":{"start":{"line":30,"column":40},"end":{"line":36,"column":3}},"line":30}},"branchMap":{"0":{"loc":{"start":{"line":7,"column":168},"end":{"line":7,"column":198}},"type":"binary-expr","locations":[{"start":{"line":7,"column":168},"end":{"line":7,"column":189}},{"start":{"line":7,"column":193},"end":{"line":7,"column":198}}],"line":7},"1":{"loc":{"start":{"line":7,"column":232},"end":{"line":7,"column":286}},"type":"if","locations":[{"start":{"line":7,"column":232},"end":{"line":7,"column":286}},{"start":{"line":7,"column":232},"end":{"line":7,"column":286}}],"line":7},"2":{"loc":{"start":{"line":7,"column":407},"end":{"line":7,"column":475}},"type":"if","locations":[{"start":{"line":7,"column":407},"end":{"line":7,"column":475}},{"start":{"line":7,"column":407},"end":{"line":7,"column":475}}],"line":7},"3":{"loc":{"start":{"line":7,"column":476},"end":{"line":7,"column":536}},"type":"if","locations":[{"start":{"line":7,"column":476},"end":{"line":7,"column":536}},{"start":{"line":7,"column":476},"end":{"line":7,"column":536}}],"line":7},"4":{"loc":{"start":{"line":13,"column":46},"end":{"line":13,"column":92}},"type":"cond-expr","locations":[{"start":{"line":13,"column":70},"end":{"line":13,"column":73}},{"start":{"line":13,"column":76},"end":{"line":13,"column":92}}],"line":13},"5":{"loc":{"start":{"line":13,"column":46},"end":{"line":13,"column":67}},"type":"binary-expr","locations":[{"start":{"line":13,"column":46},"end":{"line":13,"column":49}},{"start":{"line":13,"column":53},"end":{"line":13,"column":67}}],"line":13},"6":{"loc":{"start":{"line":15,"column":50},"end":{"line":15,"column":151}},"type":"if","locations":[{"start":{"line":15,"column":50},"end":{"line":15,"column":151}},{"start":{"line":15,"column":50},"end":{"line":15,"column":151}}],"line":15},"7":{"loc":{"start":{"line":26,"column":13},"end":{"line":26,"column":74}},"type":"binary-expr","locations":[{"start":{"line":26,"column":13},"end":{"line":26,"column":66}},{"start":{"line":26,"column":70},"end":{"line":26,"column":74}}],"line":26},"8":{"loc":{"start":{"line":26,"column":14},"end":{"line":26,"column":26}},"type":"binary-expr","locations":[{"start":{"line":26,"column":14},"end":{"line":26,"column":20}},{"start":{"line":26,"column":24},"end":{"line":26,"column":26}}],"line":26},"9":{"loc":{"start":{"line":26,"column":31},"end":{"line":26,"column":65}},"type":"binary-expr","locations":[{"start":{"line":26,"column":31},"end":{"line":26,"column":40}},{"start":{"line":26,"column":44},"end":{"line":26,"column":59}},{"start":{"line":26,"column":63},"end":{"line":26,"column":65}}],"line":26}},"s":{"0":2,"1":2,"2":4,"3":4,"4":4,"5":4,"6":4,"7":4,"8":4,"9":2,"10":2,"11":2,"12":2,"13":2,"14":2,"15":2,"16":2,"17":2,"18":15,"19":0,"20":2,"21":2,"22":3,"23":15,"24":15,"25":15,"26":15,"27":15,"28":2,"29":2},"f":{"0":2,"1":4,"2":2,"3":2,"4":15,"5":2,"6":3,"7":15,"8":15},"b":{"0":[4,4],"1":[4,0],"2":[2,0],"3":[2,0],"4":[2,0],"5":[2,2],"6":[0,15],"7":[15,2],"8":[15,4],"9":[15,12,3]},"_coverageSchema":"332fd63041d2c1bcb487cc26dd0d5f7d97098a6c","hash":"ab6a0e910a61f4a1b86f5140793873f45fa3fd02"}
,"/home/agory/Project/stage/lernaNoName/packages/connector/build/WebConnector/index.js": {"path":"/home/agory/Project/stage/lernaNoName/packages/connector/build/WebConnector/index.js","statementMap":{"0":{"start":{"line":3,"column":0},"end":{"line":5,"column":3}},"1":{"start":{"line":7,"column":19},"end":{"line":7,"column":563}},"2":{"start":{"line":7,"column":76},"end":{"line":7,"column":347}},"3":{"start":{"line":7,"column":134},"end":{"line":7,"column":142}},"4":{"start":{"line":7,"column":144},"end":{"line":7,"column":199}},"5":{"start":{"line":7,"column":200},"end":{"line":7,"column":231}},"6":{"start":{"line":7,"column":232},"end":{"line":7,"column":286}},"7":{"start":{"line":7,"column":259},"end":{"line":7,"column":286}},"8":{"start":{"line":7,"column":287},"end":{"line":7,"column":345}},"9":{"start":{"line":7,"column":350},"end":{"line":7,"column":559}},"10":{"start":{"line":7,"column":407},"end":{"line":7,"column":475}},"11":{"start":{"line":7,"column":423},"end":{"line":7,"column":475}},"12":{"start":{"line":7,"column":476},"end":{"line":7,"column":536}},"13":{"start":{"line":7,"column":493},"end":{"line":7,"column":536}},"14":{"start":{"line":7,"column":537},"end":{"line":7,"column":556}},"15":{"start":{"line":9,"column":10},"end":{"line":9,"column":28}},"16":{"start":{"line":11,"column":18},"end":{"line":11,"column":42}},"17":{"start":{"line":13,"column":18},"end":{"line":13,"column":53}},"18":{"start":{"line":15,"column":16},"end":{"line":15,"column":38}},"19":{"start":{"line":17,"column":17},"end":{"line":17,"column":50}},"20":{"start":{"line":19,"column":39},"end":{"line":19,"column":93}},"21":{"start":{"line":21,"column":50},"end":{"line":21,"column":151}},"22":{"start":{"line":21,"column":92},"end":{"line":21,"column":149}},"23":{"start":{"line":23,"column":50},"end":{"line":23,"column":151}},"24":{"start":{"line":23,"column":63},"end":{"line":23,"column":149}},"25":{"start":{"line":23,"column":152},"end":{"line":23,"column":238}},"26":{"start":{"line":25,"column":43},"end":{"line":25,"column":208}},"27":{"start":{"line":25,"column":106},"end":{"line":25,"column":206}},"28":{"start":{"line":25,"column":209},"end":{"line":25,"column":373}},"29":{"start":{"line":25,"column":374},"end":{"line":25,"column":492}},"30":{"start":{"line":25,"column":390},"end":{"line":25,"column":492}},"31":{"start":{"line":27,"column":19},"end":{"line":72,"column":22}},"32":{"start":{"line":28,"column":2},"end":{"line":28,"column":38}},"33":{"start":{"line":31,"column":22},"end":{"line":31,"column":33}},"34":{"start":{"line":32,"column":17},"end":{"line":32,"column":63}},"35":{"start":{"line":34,"column":4},"end":{"line":34,"column":40}},"36":{"start":{"line":36,"column":16},"end":{"line":36,"column":142}},"37":{"start":{"line":38,"column":4},"end":{"line":38,"column":36}},"38":{"start":{"line":39,"column":4},"end":{"line":39,"column":17}},"39":{"start":{"line":42,"column":2},"end":{"line":69,"column":6}},"40":{"start":{"line":45,"column":19},"end":{"line":45,"column":23}},"41":{"start":{"line":47,"column":6},"end":{"line":57,"column":9}},"42":{"start":{"line":48,"column":21},"end":{"line":50,"column":9}},"43":{"start":{"line":49,"column":10},"end":{"line":49,"column":37}},"44":{"start":{"line":51,"column":8},"end":{"line":51,"column":33}},"45":{"start":{"line":52,"column":8},"end":{"line":52,"column":30}},"46":{"start":{"line":53,"column":8},"end":{"line":56,"column":10}},"47":{"start":{"line":54,"column":10},"end":{"line":54,"column":33}},"48":{"start":{"line":55,"column":10},"end":{"line":55,"column":36}},"49":{"start":{"line":62,"column":6},"end":{"line":62,"column":49}},"50":{"start":{"line":67,"column":6},"end":{"line":67,"column":50}},"51":{"start":{"line":71,"column":2},"end":{"line":71,"column":22}},"52":{"start":{"line":74,"column":0},"end":{"line":74,"column":31}}},"fnMap":{"0":{"name":"(anonymous_0)","decl":{"start":{"line":7,"column":19},"end":{"line":7,"column":20}},"loc":{"start":{"line":7,"column":31},"end":{"line":7,"column":561}},"line":7},"1":{"name":"defineProperties","decl":{"start":{"line":7,"column":42},"end":{"line":7,"column":58}},"loc":{"start":{"line":7,"column":74},"end":{"line":7,"column":349}},"line":7},"2":{"name":"(anonymous_2)","decl":{"start":{"line":7,"column":357},"end":{"line":7,"column":358}},"loc":{"start":{"line":7,"column":405},"end":{"line":7,"column":558}},"line":7},"3":{"name":"_interopRequireDefault","decl":{"start":{"line":19,"column":9},"end":{"line":19,"column":31}},"loc":{"start":{"line":19,"column":37},"end":{"line":19,"column":95}},"line":19},"4":{"name":"_classCallCheck","decl":{"start":{"line":21,"column":9},"end":{"line":21,"column":24}},"loc":{"start":{"line":21,"column":48},"end":{"line":21,"column":153}},"line":21},"5":{"name":"_possibleConstructorReturn","decl":{"start":{"line":23,"column":9},"end":{"line":23,"column":35}},"loc":{"start":{"line":23,"column":48},"end":{"line":23,"column":240}},"line":23},"6":{"name":"_inherits","decl":{"start":{"line":25,"column":9},"end":{"line":25,"column":18}},"loc":{"start":{"line":25,"column":41},"end":{"line":25,"column":494}},"line":25},"7":{"name":"(anonymous_7)","decl":{"start":{"line":27,"column":19},"end":{"line":27,"column":20}},"loc":{"start":{"line":27,"column":41},"end":{"line":72,"column":1}},"line":27},"8":{"name":"WebConnector","decl":{"start":{"line":30,"column":11},"end":{"line":30,"column":23}},"loc":{"start":{"line":30,"column":30},"end":{"line":40,"column":3}},"line":30},"9":{"name":"on","decl":{"start":{"line":44,"column":20},"end":{"line":44,"column":22}},"loc":{"start":{"line":44,"column":27},"end":{"line":58,"column":5}},"line":44},"10":{"name":"(anonymous_10)","decl":{"start":{"line":47,"column":35},"end":{"line":47,"column":36}},"loc":{"start":{"line":47,"column":55},"end":{"line":57,"column":7}},"line":47},"11":{"name":"onData","decl":{"start":{"line":48,"column":30},"end":{"line":48,"column":36}},"loc":{"start":{"line":48,"column":43},"end":{"line":50,"column":9}},"line":48},"12":{"name":"(anonymous_12)","decl":{"start":{"line":53,"column":15},"end":{"line":53,"column":16}},"loc":{"start":{"line":53,"column":27},"end":{"line":56,"column":9}},"line":53},"13":{"name":"getConsole","decl":{"start":{"line":61,"column":20},"end":{"line":61,"column":30}},"loc":{"start":{"line":61,"column":33},"end":{"line":63,"column":5}},"line":61},"14":{"name":"getTreeView","decl":{"start":{"line":66,"column":20},"end":{"line":66,"column":31}},"loc":{"start":{"line":66,"column":34},"end":{"line":68,"column":5}},"line":66}},"branchMap":{"0":{"loc":{"start":{"line":7,"column":168},"end":{"line":7,"column":198}},"type":"binary-expr","locations":[{"start":{"line":7,"column":168},"end":{"line":7,"column":189}},{"start":{"line":7,"column":193},"end":{"line":7,"column":198}}],"line":7},"1":{"loc":{"start":{"line":7,"column":232},"end":{"line":7,"column":286}},"type":"if","locations":[{"start":{"line":7,"column":232},"end":{"line":7,"column":286}},{"start":{"line":7,"column":232},"end":{"line":7,"column":286}}],"line":7},"2":{"loc":{"start":{"line":7,"column":407},"end":{"line":7,"column":475}},"type":"if","locations":[{"start":{"line":7,"column":407},"end":{"line":7,"column":475}},{"start":{"line":7,"column":407},"end":{"line":7,"column":475}}],"line":7},"3":{"loc":{"start":{"line":7,"column":476},"end":{"line":7,"column":536}},"type":"if","locations":[{"start":{"line":7,"column":476},"end":{"line":7,"column":536}},{"start":{"line":7,"column":476},"end":{"line":7,"column":536}}],"line":7},"4":{"loc":{"start":{"line":19,"column":46},"end":{"line":19,"column":92}},"type":"cond-expr","locations":[{"start":{"line":19,"column":70},"end":{"line":19,"column":73}},{"start":{"line":19,"column":76},"end":{"line":19,"column":92}}],"line":19},"5":{"loc":{"start":{"line":19,"column":46},"end":{"line":19,"column":67}},"type":"binary-expr","locations":[{"start":{"line":19,"column":46},"end":{"line":19,"column":49}},{"start":{"line":19,"column":53},"end":{"line":19,"column":67}}],"line":19},"6":{"loc":{"start":{"line":21,"column":50},"end":{"line":21,"column":151}},"type":"if","locations":[{"start":{"line":21,"column":50},"end":{"line":21,"column":151}},{"start":{"line":21,"column":50},"end":{"line":21,"column":151}}],"line":21},"7":{"loc":{"start":{"line":23,"column":50},"end":{"line":23,"column":151}},"type":"if","locations":[{"start":{"line":23,"column":50},"end":{"line":23,"column":151}},{"start":{"line":23,"column":50},"end":{"line":23,"column":151}}],"line":23},"8":{"loc":{"start":{"line":23,"column":159},"end":{"line":23,"column":237}},"type":"cond-expr","locations":[{"start":{"line":23,"column":226},"end":{"line":23,"column":230}},{"start":{"line":23,"column":233},"end":{"line":23,"column":237}}],"line":23},"9":{"loc":{"start":{"line":23,"column":159},"end":{"line":23,"column":223}},"type":"binary-expr","locations":[{"start":{"line":23,"column":159},"end":{"line":23,"column":163}},{"start":{"line":23,"column":168},"end":{"line":23,"column":192}},{"start":{"line":23,"column":196},"end":{"line":23,"column":222}}],"line":23},"10":{"loc":{"start":{"line":25,"column":43},"end":{"line":25,"column":208}},"type":"if","locations":[{"start":{"line":25,"column":43},"end":{"line":25,"column":208}},{"start":{"line":25,"column":43},"end":{"line":25,"column":208}}],"line":25},"11":{"loc":{"start":{"line":25,"column":47},"end":{"line":25,"column":102}},"type":"binary-expr","locations":[{"start":{"line":25,"column":47},"end":{"line":25,"column":79}},{"start":{"line":25,"column":83},"end":{"line":25,"column":102}}],"line":25},"12":{"loc":{"start":{"line":25,"column":244},"end":{"line":25,"column":278}},"type":"binary-expr","locations":[{"start":{"line":25,"column":244},"end":{"line":25,"column":254}},{"start":{"line":25,"column":258},"end":{"line":25,"column":278}}],"line":25},"13":{"loc":{"start":{"line":25,"column":374},"end":{"line":25,"column":492}},"type":"if","locations":[{"start":{"line":25,"column":374},"end":{"line":25,"column":492}},{"start":{"line":25,"column":374},"end":{"line":25,"column":492}}],"line":25},"14":{"loc":{"start":{"line":25,"column":390},"end":{"line":25,"column":491}},"type":"cond-expr","locations":[{"start":{"line":25,"column":414},"end":{"line":25,"column":457}},{"start":{"line":25,"column":460},"end":{"line":25,"column":491}}],"line":25},"15":{"loc":{"start":{"line":32,"column":17},"end":{"line":32,"column":63}},"type":"cond-expr","locations":[{"start":{"line":32,"column":45},"end":{"line":32,"column":49}},{"start":{"line":32,"column":52},"end":{"line":32,"column":63}}],"line":32},"16":{"loc":{"start":{"line":36,"column":50},"end":{"line":36,"column":111}},"type":"binary-expr","locations":[{"start":{"line":36,"column":50},"end":{"line":36,"column":72}},{"start":{"line":36,"column":76},"end":{"line":36,"column":111}}],"line":36}},"s":{"0":1,"1":1,"2":1,"3":3,"4":3,"5":3,"6":3,"7":3,"8":3,"9":1,"10":1,"11":1,"12":1,"13":0,"14":1,"15":1,"16":1,"17":1,"18":1,"19":1,"20":2,"21":10,"22":0,"23":10,"24":0,"25":10,"26":1,"27":0,"28":1,"29":1,"30":1,"31":1,"32":1,"33":10,"34":10,"35":10,"36":10,"37":10,"38":10,"39":1,"40":5,"41":5,"42":4,"43":1,"44":4,"45":4,"46":4,"47":2,"48":2,"49":1,"50":1,"51":1,"52":1},"f":{"0":1,"1":1,"2":1,"3":2,"4":10,"5":10,"6":1,"7":1,"8":10,"9":5,"10":4,"11":1,"12":2,"13":1,"14":1},"b":{"0":[3,3],"1":[3,0],"2":[1,0],"3":[0,1],"4":[2,0],"5":[2,2],"6":[0,10],"7":[0,10],"8":[0,10],"9":[10,0,0],"10":[0,1],"11":[1,0],"12":[1,1],"13":[1,0],"14":[1,0],"15":[1,9],"16":[10,0]},"_coverageSchema":"332fd63041d2c1bcb487cc26dd0d5f7d97098a6c","hash":"9feb16844659455e583795901af5b239aa36541f"}
,"/home/agory/Project/stage/lernaNoName/packages/connector/src/constant.js": {"path":"/home/agory/Project/stage/lernaNoName/packages/connector/src/constant.js","statementMap":{},"fnMap":{},"branchMap":{},"s":{},"f":{},"b":{},"_coverageSchema":"332fd63041d2c1bcb487cc26dd0d5f7d97098a6c","hash":"63ac4e6f0e8f92935ee7b4c01d0a831d3f253aa7"}
,"/home/agory/Project/stage/lernaNoName/packages/connector/src/Connector/index.js": {"path":"/home/agory/Project/stage/lernaNoName/packages/connector/src/Connector/index.js","statementMap":{"0":{"start":{"line":6,"column":4},"end":{"line":6,"column":75}},"1":{"start":{"line":10,"column":4},"end":{"line":10,"column":27}},"2":{"start":{"line":14,"column":16},"end":{"line":14,"column":61}},"3":{"start":{"line":15,"column":4},"end":{"line":15,"column":22}},"4":{"start":{"line":16,"column":4},"end":{"line":16,"column":37}}},"fnMap":{"0":{"name":"(anonymous_0)","decl":{"start":{"line":5,"column":2},"end":{"line":5,"column":3}},"loc":{"start":{"line":5,"column":45},"end":{"line":7,"column":3}},"line":5},"1":{"name":"(anonymous_1)","decl":{"start":{"line":9,"column":2},"end":{"line":9,"column":3}},"loc":{"start":{"line":9,"column":17},"end":{"line":11,"column":3}},"line":9},"2":{"name":"(anonymous_2)","decl":{"start":{"line":13,"column":2},"end":{"line":13,"column":3}},"loc":{"start":{"line":13,"column":33},"end":{"line":17,"column":3}},"line":13}},"branchMap":{"0":{"loc":{"start":{"line":6,"column":11},"end":{"line":6,"column":74}},"type":"binary-expr","locations":[{"start":{"line":6,"column":11},"end":{"line":6,"column":66}},{"start":{"line":6,"column":70},"end":{"line":6,"column":74}}],"line":6},"1":{"loc":{"start":{"line":6,"column":12},"end":{"line":6,"column":24}},"type":"binary-expr","locations":[{"start":{"line":6,"column":12},"end":{"line":6,"column":18}},{"start":{"line":6,"column":22},"end":{"line":6,"column":24}}],"line":6},"2":{"loc":{"start":{"line":6,"column":29},"end":{"line":6,"column":65}},"type":"binary-expr","locations":[{"start":{"line":6,"column":30},"end":{"line":6,"column":39}},{"start":{"line":6,"column":43},"end":{"line":6,"column":58}},{"start":{"line":6,"column":63},"end":{"line":6,"column":65}}],"line":6}},"s":{"0":15,"1":3,"2":15,"3":15,"4":15},"f":{"0":15,"1":3,"2":15},"b":{"0":[15,2],"1":[15,4],"2":[15,12,3]},"_coverageSchema":"332fd63041d2c1bcb487cc26dd0d5f7d97098a6c","hash":"73159d0ae6abb4a4734d2380a66f9ce572f4d737"}
,"/home/agory/Project/stage/lernaNoName/packages/connector/src/WebConnector/index.js": {"path":"/home/agory/Project/stage/lernaNoName/packages/connector/src/WebConnector/index.js","statementMap":{"0":{"start":{"line":8,"column":4},"end":{"line":8,"column":28}},"1":{"start":{"line":9,"column":4},"end":{"line":9,"column":33}},"2":{"start":{"line":13,"column":4},"end":{"line":21,"column":7}},"3":{"start":{"line":14,"column":21},"end":{"line":14,"column":48}},"4":{"start":{"line":14,"column":29},"end":{"line":14,"column":48}},"5":{"start":{"line":15,"column":6},"end":{"line":15,"column":29}},"6":{"start":{"line":16,"column":6},"end":{"line":16,"column":26}},"7":{"start":{"line":17,"column":6},"end":{"line":20,"column":8}},"8":{"start":{"line":18,"column":8},"end":{"line":18,"column":29}},"9":{"start":{"line":19,"column":8},"end":{"line":19,"column":32}},"10":{"start":{"line":25,"column":4},"end":{"line":25,"column":40}},"11":{"start":{"line":29,"column":4},"end":{"line":29,"column":41}}},"fnMap":{"0":{"name":"(anonymous_0)","decl":{"start":{"line":7,"column":2},"end":{"line":7,"column":3}},"loc":{"start":{"line":7,"column":33},"end":{"line":10,"column":3}},"line":7},"1":{"name":"(anonymous_1)","decl":{"start":{"line":12,"column":2},"end":{"line":12,"column":3}},"loc":{"start":{"line":12,"column":9},"end":{"line":22,"column":3}},"line":12},"2":{"name":"(anonymous_2)","decl":{"start":{"line":13,"column":29},"end":{"line":13,"column":30}},"loc":{"start":{"line":13,"column":43},"end":{"line":21,"column":5}},"line":13},"3":{"name":"(anonymous_3)","decl":{"start":{"line":14,"column":21},"end":{"line":14,"column":22}},"loc":{"start":{"line":14,"column":29},"end":{"line":14,"column":48}},"line":14},"4":{"name":"(anonymous_4)","decl":{"start":{"line":17,"column":13},"end":{"line":17,"column":14}},"loc":{"start":{"line":17,"column":19},"end":{"line":20,"column":7}},"line":17},"5":{"name":"(anonymous_5)","decl":{"start":{"line":24,"column":2},"end":{"line":24,"column":3}},"loc":{"start":{"line":24,"column":15},"end":{"line":26,"column":3}},"line":24},"6":{"name":"(anonymous_6)","decl":{"start":{"line":28,"column":2},"end":{"line":28,"column":3}},"loc":{"start":{"line":28,"column":16},"end":{"line":30,"column":3}},"line":28}},"branchMap":{"0":{"loc":{"start":{"line":7,"column":16},"end":{"line":7,"column":29}},"type":"default-arg","locations":[{"start":{"line":7,"column":25},"end":{"line":7,"column":29}}],"line":7}},"s":{"0":10,"1":10,"2":5,"3":4,"4":1,"5":4,"6":4,"7":4,"8":2,"9":2,"10":1,"11":1},"f":{"0":10,"1":5,"2":4,"3":1,"4":2,"5":1,"6":1},"b":{"0":[1]},"_coverageSchema":"332fd63041d2c1bcb487cc26dd0d5f7d97098a6c","hash":"190954ef16507fb7d12b3c42c24b10a3142ec1d1"}
}
