TN:
SF:/home/agory/Project/stage/lernaNoName/packages/connector/build/constant.js
FNF:0
FNH:0
DA:3,1
DA:6,1
LF:2
LH:2
BRF:0
BRH:0
end_of_record
TN:
SF:/home/agory/Project/stage/lernaNoName/packages/connector/build/Connector/index.js
FN:7,(anonymous_0)
FN:7,defineProperties
FN:7,(anonymous_2)
FN:13,_interopRequireDefault
FN:15,_classCallCheck
FN:17,(anonymous_5)
FN:20,emit
FN:25,buildEndPointUrl
FN:30,Connector
FNF:9
FNH:9
FNDA:2,(anonymous_0)
FNDA:4,defineProperties
FNDA:2,(anonymous_2)
FNDA:2,_interopRequireDefault
FNDA:15,_classCallCheck
FNDA:2,(anonymous_5)
FNDA:3,emit
FNDA:15,buildEndPointUrl
FNDA:15,Connector
DA:3,2
DA:7,4
DA:9,2
DA:11,2
DA:13,2
DA:15,15
DA:17,2
DA:18,2
DA:21,3
DA:26,15
DA:31,15
DA:33,15
DA:34,15
DA:35,15
DA:38,2
DA:41,2
LF:16
LH:16
BRDA:7,0,0,4
BRDA:7,0,1,4
BRDA:7,1,0,4
BRDA:7,1,1,0
BRDA:7,2,0,2
BRDA:7,2,1,0
BRDA:7,3,0,2
BRDA:7,3,1,0
BRDA:13,4,0,2
BRDA:13,4,1,0
BRDA:13,5,0,2
BRDA:13,5,1,2
BRDA:15,6,0,0
BRDA:15,6,1,15
BRDA:26,7,0,15
BRDA:26,7,1,2
BRDA:26,8,0,15
BRDA:26,8,1,4
BRDA:26,9,0,15
BRDA:26,9,1,12
BRDA:26,9,2,3
BRF:21
BRH:16
end_of_record
TN:
SF:/home/agory/Project/stage/lernaNoName/packages/connector/build/WebConnector/index.js
FN:7,(anonymous_0)
FN:7,defineProperties
FN:7,(anonymous_2)
FN:19,_interopRequireDefault
FN:21,_classCallCheck
FN:23,_possibleConstructorReturn
FN:25,_inherits
FN:27,(anonymous_7)
FN:30,WebConnector
FN:44,on
FN:47,(anonymous_10)
FN:48,onData
FN:53,(anonymous_12)
FN:61,getConsole
FN:66,getTreeView
FNF:15
FNH:15
FNDA:1,(anonymous_0)
FNDA:1,defineProperties
FNDA:1,(anonymous_2)
FNDA:2,_interopRequireDefault
FNDA:10,_classCallCheck
FNDA:10,_possibleConstructorReturn
FNDA:1,_inherits
FNDA:1,(anonymous_7)
FNDA:10,WebConnector
FNDA:5,on
FNDA:4,(anonymous_10)
FNDA:1,onData
FNDA:2,(anonymous_12)
FNDA:1,getConsole
FNDA:1,getTreeView
DA:3,1
DA:7,3
DA:9,1
DA:11,1
DA:13,1
DA:15,1
DA:17,1
DA:19,2
DA:21,10
DA:23,10
DA:25,1
DA:27,1
DA:28,1
DA:31,10
DA:32,10
DA:34,10
DA:36,10
DA:38,10
DA:39,10
DA:42,1
DA:45,5
DA:47,5
DA:48,4
DA:49,1
DA:51,4
DA:52,4
DA:53,4
DA:54,2
DA:55,2
DA:62,1
DA:67,1
DA:71,1
DA:74,1
LF:33
LH:33
BRDA:7,0,0,3
BRDA:7,0,1,3
BRDA:7,1,0,3
BRDA:7,1,1,0
BRDA:7,2,0,1
BRDA:7,2,1,0
BRDA:7,3,0,0
BRDA:7,3,1,1
BRDA:19,4,0,2
BRDA:19,4,1,0
BRDA:19,5,0,2
BRDA:19,5,1,2
BRDA:21,6,0,0
BRDA:21,6,1,10
BRDA:23,7,0,0
BRDA:23,7,1,10
BRDA:23,8,0,0
BRDA:23,8,1,10
BRDA:23,9,0,10
BRDA:23,9,1,0
BRDA:23,9,2,0
BRDA:25,10,0,0
BRDA:25,10,1,1
BRDA:25,11,0,1
BRDA:25,11,1,0
BRDA:25,12,0,1
BRDA:25,12,1,1
BRDA:25,13,0,1
BRDA:25,13,1,0
BRDA:25,14,0,1
BRDA:25,14,1,0
BRDA:32,15,0,1
BRDA:32,15,1,9
BRDA:36,16,0,10
BRDA:36,16,1,0
BRF:35
BRH:21
end_of_record
TN:
SF:/home/agory/Project/stage/lernaNoName/packages/connector/src/constant.js
FNF:0
FNH:0
LF:0
LH:0
BRF:0
BRH:0
end_of_record
TN:
SF:/home/agory/Project/stage/lernaNoName/packages/connector/src/Connector/index.js
FN:5,(anonymous_0)
FN:9,(anonymous_1)
FN:13,(anonymous_2)
FNF:3
FNH:3
FNDA:15,(anonymous_0)
FNDA:3,(anonymous_1)
FNDA:15,(anonymous_2)
DA:6,15
DA:10,3
DA:14,15
DA:15,15
DA:16,15
LF:5
LH:5
BRDA:6,0,0,15
BRDA:6,0,1,2
BRDA:6,1,0,15
BRDA:6,1,1,4
BRDA:6,2,0,15
BRDA:6,2,1,12
BRDA:6,2,2,3
BRF:7
BRH:7
end_of_record
TN:
SF:/home/agory/Project/stage/lernaNoName/packages/connector/src/WebConnector/index.js
FN:7,(anonymous_0)
FN:12,(anonymous_1)
FN:13,(anonymous_2)
FN:14,(anonymous_3)
FN:17,(anonymous_4)
FN:24,(anonymous_5)
FN:28,(anonymous_6)
FNF:7
FNH:7
FNDA:10,(anonymous_0)
FNDA:5,(anonymous_1)
FNDA:4,(anonymous_2)
FNDA:1,(anonymous_3)
FNDA:2,(anonymous_4)
FNDA:1,(anonymous_5)
FNDA:1,(anonymous_6)
DA:8,10
DA:9,10
DA:13,5
DA:14,4
DA:15,4
DA:16,4
DA:17,4
DA:18,2
DA:19,2
DA:25,1
DA:29,1
LF:11
LH:11
BRDA:7,0,0,1
BRF:1
BRH:1
end_of_record
